spy/build/app/outputs/mapping/release/seeds.txt
com.example.spy.MainActivity
com.example.spy.MainActivity: MainActivity()
...
io.flutter.embedding.engine.FlutterJNI: void dispatchSemanticsAction(int,io.flutter.view.AccessibilityBridge$Action)
androidx.window.embedding.ActivityStack: ActivityStack(java.util.List,boolean,int,kotlin.jvm.internal.DefaultConstructorMarker)
io.flutter.embedding.engine.FlutterOverlaySurface: int getId()
io.flutter.embedding.engine.FlutterJNI: void ensureRunningOnMainThread()
androidx.window.layout.SidecarWindowBackend: boolean isActivityRegistered(android.app.Activity)
io.flutter.embedding.engine.FlutterJNI: boolean nativeFlutterTextUtilsIsEmoji(int)
kotlin.coroutines.jvm.internal.ContinuationImpl: kotlin.coroutines.CoroutineContext getContext()
io.flutter.embedding.engine.FlutterJNI: boolean isCodePointEmoji(int)
io.flutter.embedding.engine.FlutterJNI: void nativeNotifyLowMemoryWarning(long)
androidx.window.embedding.EmbeddingTranslatingCallback: EmbeddingTranslatingCallback(androidx.window.embedding.EmbeddingInterfaceCompat$EmbeddingCallbackInterface,androidx.window.embedding.EmbeddingAdapter)
androidx.window.embedding.SplitRule: SplitRule(int,int,float,int)
io.flutter.plugin.platform.SingleViewPresentation: SingleViewPresentation(android.content.Context,android.view.Display,io.flutter.plugin.platform.PlatformView,io.flutter.plugin.platform.AccessibilityEventsDelegate,int,java.lang.Object,android.view.View$OnFocusChangeListener)
androidx.window.layout.WindowInfoTracker$-CC: androidx.window.layout.WindowInfoTracker getOrCreate(android.content.Context)
io.flutter.plugin.editing.TextInputPlugin$InputTarget$Type: io.flutter.plugin.editing.TextInputPlugin$InputTarget$Type[] values()
androidx.window.embedding.EmbeddingInterfaceCompat$EmbeddingCallbackInterface: void onSplitInfoChanged(java.util.List)
io.flutter.embedding.engine.mutatorsstack.FlutterMutatorView: android.graphics.Matrix getPlatformViewMatrix()
io.flutter.embedding.engine.mutatorsstack.FlutterMutatorsStack: java.util.List getFinalClippingPaths()
io.flutter.embedding.engine.FlutterJNI: void markTextureFrameAvailable(long)
androidx.window.core.Version$Companion: androidx.window.core.Version getUNKNOWN()
androidx.window.embedding.EmbeddingCompat: EmbeddingCompat(androidx.window.extensions.embedding.ActivityEmbeddingComponent,androidx.window.embedding.EmbeddingAdapter)
io.flutter.embedding.android.FlutterImageView: android.media.ImageReader getImageReader()
androidx.window.layout.HardwareFoldingFeature$Type: androidx.window.layout.HardwareFoldingFeature$Type access$getHINGE$cp()
androidx.window.embedding.SplitController: void clearRegisteredRules()
io.flutter.embedding.engine.FlutterJNI: void nativeLoadDartDeferredLibrary(long,int,java.lang.String[])
io.flutter.view.AccessibilityViewEmbedder: void setFlutterNodeParent(android.view.accessibility.AccessibilityNodeInfo,android.view.View,android.view.accessibility.AccessibilityNodeInfo)
io.flutter.plugin.editing.ImeSyncDeferringInsetsCallback: int access$100(io.flutter.plugin.editing.ImeSyncDeferringInsetsCallback)
io.flutter.embedding.engine.FlutterJNI: void updateSemantics(java.nio.ByteBuffer,java.lang.String[],java.nio.ByteBuffer[])
androidx.window.layout.SidecarCompat: androidx.window.layout.SidecarAdapter access$getSidecarAdapter$p(androidx.window.layout.SidecarCompat)
androidx.window.core.Bounds: java.lang.String toString()
androidx.window.layout.SidecarWindowBackend$Companion: SidecarWindowBackend$Companion()
io.flutter.embedding.engine.systemchannels.TextInputChannel$TextInputType: io.flutter.embedding.engine.systemchannels.TextInputChannel$TextInputType[] values()
kotlin.coroutines.jvm.internal.BaseContinuationImpl: java.lang.StackTraceElement getStackTraceElement()
io.flutter.embedding.engine.FlutterJNI: void updateRefreshRate()
androidx.window.embedding.SplitController$Companion: SplitController$Companion()
androidx.window.embedding.SplitController$Companion: androidx.window.embedding.SplitController getInstance()
androidx.window.embedding.SplitController: void initialize(android.content.Context,int)