spy/build/app/outputs/mapping/release/mapping.txt
# compiler: R8
# compiler_version: 3.1.66
# min_api: 16
# pg_map_id: 99a8cd6
# common_typos_disable
# {"id":"com.android.tools.r8.mapping","version":"1.0"}
...
io.flutter.embedding.engine.systemchannels.PlatformChannel$AppSwitcherDescription -> u.i$c:
    java.lang.String label -> b
    int color -> a
io.flutter.embedding.engine.systemchannels.PlatformChannel$Brightness -> u.i$d:
    io.flutter.embedding.engine.systemchannels.PlatformChannel$Brightness[] $VALUES -> g
    io.flutter.embedding.engine.systemchannels.PlatformChannel$Brightness LIGHT -> e
    io.flutter.embedding.engine.systemchannels.PlatformChannel$Brightness DARK -> f
    java.lang.String encodedName -> d
    io.flutter.embedding.engine.systemchannels.PlatformChannel$Brightness fromValue(java.lang.String) -> a
io.flutter.embedding.engine.systemchannels.PlatformChannel$ClipboardContentFormat -> u.i$e:
    io.flutter.embedding.engine.systemchannels.PlatformChannel$ClipboardContentFormat PLAIN_TEXT -> e
    io.flutter.embedding.engine.systemchannels.PlatformChannel$ClipboardContentFormat[] $VALUES -> f
    java.lang.String encodedName -> d
    io.flutter.embedding.engine.systemchannels.PlatformChannel$ClipboardContentFormat fromValue(java.lang.String) -> a
io.flutter.embedding.engine.systemchannels.PlatformChannel$DeviceOrientation -> u.i$f:
    io.flutter.embedding.engine.systemchannels.PlatformChannel$DeviceOrientation[] $VALUES -> i
    io.flutter.embedding.engine.systemchannels.PlatformChannel$DeviceOrientation LANDSCAPE_RIGHT -> h
    io.flutter.embedding.engine.systemchannels.PlatformChannel$DeviceOrientation LANDSCAPE_LEFT -> g
    io.flutter.embedding.engine.systemchannels.PlatformChannel$DeviceOrientation PORTRAIT_DOWN -> f
    io.flutter.embedding.engine.systemchannels.PlatformChannel$DeviceOrientation PORTRAIT_UP -> e
    java.lang.String encodedName -> d
    io.flutter.embedding.engine.systemchannels.PlatformChannel$DeviceOrientation fromValue(java.lang.String) -> a
io.flutter.embedding.engine.systemchannels.PlatformChannel$HapticFeedbackType -> u.i$g:
    io.flutter.embedding.engine.systemchannels.PlatformChannel$HapticFeedbackType SELECTION_CLICK -> i
    io.flutter.embedding.engine.systemchannels.PlatformChannel$HapticFeedbackType MEDIUM_IMPACT -> g
    io.flutter.embedding.engine.systemchannels.PlatformChannel$HapticFeedbackType HEAVY_IMPACT -> h
    io.flutter.embedding.engine.systemchannels.PlatformChannel$HapticFeedbackType STANDARD -> e
    io.flutter.embedding.engine.systemchannels.PlatformChannel$HapticFeedbackType[] $VALUES -> j
    io.flutter.embedding.engine.systemchannels.PlatformChannel$HapticFeedbackType LIGHT_IMPACT -> f
    java.lang.String encodedName -> d
    io.flutter.embedding.engine.systemchannels.PlatformChannel$HapticFeedbackType fromValue(java.lang.String) -> a
io.flutter.embedding.engine.systemchannels.PlatformChannel$PlatformMessageHandler -> u.i$h:
    void setSystemUiChangeListener() -> a
    void popSystemNavigator() -> b
    void setSystemUiOverlayStyle(io.flutter.embedding.engine.systemchannels.PlatformChannel$SystemChromeStyle) -> c
    void setPreferredOrientations(int) -> d
    void showSystemOverlays(java.util.List) -> e
    void setApplicationSwitcherDescription(io.flutter.embedding.engine.systemchannels.PlatformChannel$AppSwitcherDescription) -> f
    void restoreSystemUiOverlays() -> g
    void setClipboardData(java.lang.String) -> h
    boolean clipboardHasStrings() -> i
    void playSystemSound(io.flutter.embedding.engine.systemchannels.PlatformChannel$SoundType) -> j
    void showSystemUiMode(io.flutter.embedding.engine.systemchannels.PlatformChannel$SystemUiMode) -> k
    void vibrateHapticFeedback(io.flutter.embedding.engine.systemchannels.PlatformChannel$HapticFeedbackType) -> l
    java.lang.CharSequence getClipboardData(io.flutter.embedding.engine.systemchannels.PlatformChannel$ClipboardContentFormat) -> m