spy/build/app/outputs/mapping/release/usage.txt
com.example.spy.BuildConfig
com.example.spy.R$attr
com.example.spy.R$color
com.example.spy.R$dimen
com.example.spy.R$drawable
com.example.spy.R$id
com.example.spy.R$integer
com.example.spy.R$layout
com.example.spy.R$mipmap
com.example.spy.R$string
com.example.spy.R$style
com.example.spy.R$styleable
com.example.spy.R
...
com.google.common.cache.LocalCache$WeightedSoftValueReference
com.google.common.cache.LocalCache$WeightedStrongValueReference
com.google.common.cache.LocalCache$WeightedWeakValueReference
com.google.common.cache.LocalCache$WriteQueue$1
com.google.common.cache.LocalCache$WriteQueue$2
com.google.common.cache.LocalCache$WriteQueue
com.google.common.cache.LocalCache$WriteThroughEntry
com.google.common.cache.LocalCache
com.google.common.cache.LongAddable
com.google.common.cache.LongAddables$1
com.google.common.cache.LongAddables$2
com.google.common.cache.LongAddables$PureJavaLongAddable
com.google.common.cache.LongAddables
com.google.common.cache.LongAdder
com.google.common.cache.ReferenceEntry
com.google.common.cache.RemovalCause$1
com.google.common.cache.RemovalCause$2
com.google.common.cache.RemovalCause$3
com.google.common.cache.RemovalCause$4
com.google.common.cache.RemovalCause$5
com.google.common.cache.RemovalCause
com.google.common.cache.RemovalListener
com.google.common.cache.RemovalListeners$1$1
com.google.common.cache.RemovalListeners$1
com.google.common.cache.RemovalListeners
com.google.common.cache.RemovalNotification
com.google.common.cache.Striped64$1
com.google.common.cache.Striped64$Cell
com.google.common.cache.Striped64
com.google.common.cache.Weigher
com.google.common.cache.package-info
com.google.common.collect.AbstractBiMap$1
com.google.common.collect.AbstractBiMap$BiMapEntry
com.google.common.collect.AbstractBiMap$EntrySet
com.google.common.collect.AbstractBiMap$Inverse
com.google.common.collect.AbstractBiMap$KeySet
com.google.common.collect.AbstractBiMap$ValueSet
com.google.common.collect.AbstractBiMap
com.google.common.collect.AbstractIndexedListIterator
com.google.common.collect.AbstractIterator$1
com.google.common.collect.AbstractIterator$State
com.google.common.collect.AbstractIterator
com.google.common.collect.AbstractListMultimap
com.google.common.collect.AbstractMapBasedMultimap$1
com.google.common.collect.AbstractMapBasedMultimap$2
com.google.common.collect.AbstractMapBasedMultimap$AsMap$AsMapEntries
com.google.common.collect.AbstractMapBasedMultimap$AsMap$AsMapIterator
com.google.common.collect.AbstractMapBasedMultimap$AsMap
com.google.common.collect.AbstractMapBasedMultimap$Itr
com.google.common.collect.AbstractMapBasedMultimap$KeySet$1
com.google.common.collect.AbstractMapBasedMultimap$KeySet
com.google.common.collect.AbstractMapBasedMultimap$NavigableAsMap
com.google.common.collect.AbstractMapBasedMultimap$NavigableKeySet
com.google.common.collect.AbstractMapBasedMultimap$RandomAccessWrappedList
com.google.common.collect.AbstractMapBasedMultimap$SortedAsMap
com.google.common.collect.AbstractMapBasedMultimap$SortedKeySet
com.google.common.collect.AbstractMapBasedMultimap$WrappedCollection$WrappedIterator
com.google.common.collect.AbstractMapBasedMultimap$WrappedCollection
com.google.common.collect.AbstractMapBasedMultimap$WrappedList$WrappedListIterator
com.google.common.collect.AbstractMapBasedMultimap$WrappedList
com.google.common.collect.AbstractMapBasedMultimap$WrappedNavigableSet
com.google.common.collect.AbstractMapBasedMultimap$WrappedSet
com.google.common.collect.AbstractMapBasedMultimap$WrappedSortedSet
com.google.common.collect.AbstractMapBasedMultimap
com.google.common.collect.AbstractMapBasedMultiset$1
com.google.common.collect.AbstractMapBasedMultiset$2
com.google.common.collect.AbstractMapBasedMultiset$Itr
com.google.common.collect.AbstractMapBasedMultiset
com.google.common.collect.AbstractMapEntry
com.google.common.collect.AbstractMultimap$Entries
com.google.common.collect.AbstractMultimap$EntrySet
com.google.common.collect.AbstractMultimap$Values
com.google.common.collect.AbstractMultimap
com.google.common.collect.AbstractMultiset$ElementSet
com.google.common.collect.AbstractMultiset$EntrySet
com.google.common.collect.AbstractMultiset
com.google.common.collect.AbstractNavigableMap$1
com.google.common.collect.AbstractNavigableMap$DescendingMap